<?xml version="1.0" encoding="UTF-8"?>
<!-- Generated by org.testng.reporters.JUnitReportReporter -->
<testsuite hostname="LAPTOP-VCPRD6IJ" failures="0" tests="1" name="testPackage.Test1" time="22.175" errors="0" timestamp="08 May 2025 13:41:12 GMT" skipped="0">
  <testcase classname="testPackage.Test1" name="a" time="22.175"/>
</testsuite> <!-- testPackage.Test1 -->
